[13:58:17] [ServerMain/INFO]: Building unoptimized datafixer
[13:58:18] [ServerMain/INFO]: Environment: authHost='https://authserver.mojang.com', accountsHost='https://api.mojang.com', sessionHost='https://sessionserver.mojang.com', servicesHost='https://api.minecraftservices.com', name='PROD'
[13:58:21] [ServerMain/INFO]: Loaded 7 recipes
[13:58:21] [ServerMain/INFO]: Loaded 1179 advancements
[13:58:23] [ServerMain/WARN]: Failed to parse level-type default, defaulting to minecraft:normal
[13:58:23] [Server thread/INFO]: Starting minecraft server version 1.19.1
[13:58:23] [Server thread/INFO]: Loading properties
[13:58:23] [Server thread/INFO]: Default game type: SURVIVAL
[13:58:23] [Server thread/INFO]: Generating keypair
[13:58:23] [Server thread/INFO]: Starting Minecraft server on *:25565
[13:58:23] [Server thread/INFO]: Using epoll channel type
[13:58:23] [Server thread/INFO]: Preparing level "world"
[13:58:39] [Server thread/INFO]: Preparing start region for dimension minecraft:overworld
[13:58:49] [Worker-Main-1/INFO]: Preparing spawn area: 0%
[13:58:49] [Worker-Main-1/INFO]: Preparing spawn area: 0%
[13:58:49] [Worker-Main-1/INFO]: Preparing spawn area: 0%
[13:58:49] [Worker-Main-1/INFO]: Preparing spawn area: 0%
[13:58:49] [Worker-Main-1/INFO]: Preparing spawn area: 0%
[13:58:49] [Worker-Main-1/INFO]: Preparing spawn area: 0%
[13:58:49] [Worker-Main-1/INFO]: Preparing spawn area: 0%
[13:58:49] [Worker-Main-1/INFO]: Preparing spawn area: 0%
[13:58:49] [Worker-Main-1/INFO]: Preparing spawn area: 0%
[13:58:49] [Worker-Main-1/INFO]: Preparing spawn area: 0%
[13:58:49] [Worker-Main-1/INFO]: Preparing spawn area: 0%
[13:58:49] [Worker-Main-1/INFO]: Preparing spawn area: 0%
[13:58:49] [Worker-Main-1/INFO]: Preparing spawn area: 0%
[13:58:49] [Worker-Main-1/INFO]: Preparing spawn area: 0%
[13:58:49] [Worker-Main-1/INFO]: Preparing spawn area: 0%
[13:58:49] [Worker-Main-1/INFO]: Preparing spawn area: 0%
[13:58:49] [Worker-Main-1/INFO]: Preparing spawn area: 0%
[13:58:49] [Worker-Main-1/INFO]: Preparing spawn area: 0%
[13:58:49] [Worker-Main-1/INFO]: Preparing spawn area: 0%
[13:58:49] [Worker-Main-1/INFO]: Preparing spawn area: 0%
[13:58:49] [Worker-Main-1/INFO]: Preparing spawn area: 0%
[13:58:50] [Worker-Main-1/INFO]: Preparing spawn area: 0%
[13:58:50] [Worker-Main-1/INFO]: Preparing spawn area: 0%
[13:58:54] [Worker-Main-1/INFO]: Preparing spawn area: 0%
[13:58:54] [Worker-Main-1/INFO]: Preparing spawn area: 0%
[13:58:54] [Worker-Main-1/INFO]: Preparing spawn area: 0%
[13:58:54] [Worker-Main-1/INFO]: Preparing spawn area: 0%
[13:58:54] [Worker-Main-1/INFO]: Preparing spawn area: 0%
[13:58:54] [Worker-Main-1/INFO]: Preparing spawn area: 0%
[13:58:54] [Worker-Main-1/INFO]: Preparing spawn area: 0%
[13:58:54] [Worker-Main-1/INFO]: Preparing spawn area: 0%
[13:58:55] [Worker-Main-1/INFO]: Preparing spawn area: 0%
[13:58:55] [Worker-Main-1/INFO]: Preparing spawn area: 30%
[13:58:56] [Server thread/INFO]: Time elapsed: 16420 ms
[13:58:56] [Server thread/INFO]: Done (32.349s)! For help, type "help"
[13:58:56] [Server thread/INFO]: Starting remote control listener
[13:58:56] [Server thread/INFO]: Thread RCON Listener started
[13:58:56] [Server thread/INFO]: RCON running on 0.0.0.0:25575
[15:58:15] [Server thread/INFO]: Stopping the server
[15:58:15] [Server thread/INFO]: Stopping server
[15:58:15] [Server thread/INFO]: Saving players
[15:58:15] [Server thread/INFO]: Saving worlds
[15:58:18] [Server thread/INFO]: Saving chunks for level 'ServerLevel[world]'/minecraft:overworld
[15:58:18] [Server thread/INFO]: Saving chunks for level 'ServerLevel[world]'/minecraft:the_end
[15:58:18] [Server thread/INFO]: Saving chunks for level 'ServerLevel[world]'/minecraft:the_nether
[15:58:18] [Server thread/INFO]: ThreadedAnvilChunkStorage (world): All chunks are saved
[15:58:18] [Server thread/INFO]: ThreadedAnvilChunkStorage (DIM1): All chunks are saved
[15:58:18] [Server thread/INFO]: ThreadedAnvilChunkStorage (DIM-1): All chunks are saved
[15:58:18] [Server thread/INFO]: ThreadedAnvilChunkStorage: All dimensions are saved
[15:58:18] [Server thread/INFO]: Thread RCON Listener stopped
